Copyright 1986-2020 Xilinx, Inc. All Rights Reserved.
------------------------------------------------------------------------------------
| Tool Version : Vivado v.2020.2 (win64) Build 3064766 Wed Nov 18 09:12:45 MST 2020
| Date         : Tue Nov 15 14:22:21 2022
| Host         : DESKTOP-KI9MUJ9 running 64-bit major release  (build 9200)
| Command      : upgrade_ip
| Device       : xc7z010clg400-1
------------------------------------------------------------------------------------

Upgrade Log for IP 'design_1_xlconcat_0_0'

1. Summary
----------

SUCCESS in the upgrade of design_1_xlconcat_0_0 (xilinx.com:ip:xlconcat:2.1) from (Rev. 1) to (Rev. 4)






Copyright 1986-2020 Xilinx, Inc. All Rights Reserved.
------------------------------------------------------------------------------------
| Tool Version : Vivado v.2020.2 (win64) Build 3064766 Wed Nov 18 09:12:45 MST 2020
| Date         : Tue Nov 15 14:22:21 2022
| Host         : DESKTOP-KI9MUJ9 running 64-bit major release  (build 9200)
| Command      : upgrade_ip
| Device       : xc7z010clg400-1
------------------------------------------------------------------------------------

Upgrade Log for IP 'design_1_rst_ps7_0_50M_0'

1. Summary
----------

SUCCESS in the upgrade of design_1_rst_ps7_0_50M_0 (xilinx.com:ip:proc_sys_reset:5.0) from (Rev. 12) to (Rev. 13)






Copyright 1986-2020 Xilinx, Inc. All Rights Reserved.
------------------------------------------------------------------------------------
| Tool Version : Vivado v.2020.2 (win64) Build 3064766 Wed Nov 18 09:12:45 MST 2020
| Date         : Tue Nov 15 14:22:21 2022
| Host         : DESKTOP-KI9MUJ9 running 64-bit major release  (build 9200)
| Command      : upgrade_ip
| Device       : xc7z010clg400-1
------------------------------------------------------------------------------------

Upgrade Log for IP 'design_1_rgb2dvi_0_0'

1. Summary
----------

SUCCESS in the conversion of design_1_rgb2dvi_0_0 (digilentinc.com:ip:rgb2dvi:1.4 (Rev. 7)) to Vivado generation flows.






Copyright 1986-2020 Xilinx, Inc. All Rights Reserved.
------------------------------------------------------------------------------------
| Tool Version : Vivado v.2020.2 (win64) Build 3064766 Wed Nov 18 09:12:45 MST 2020
| Date         : Tue Nov 15 14:22:21 2022
| Host         : DESKTOP-KI9MUJ9 running 64-bit major release  (build 9200)
| Command      : upgrade_ip
| Device       : xc7z010clg400-1
------------------------------------------------------------------------------------

Upgrade Log for IP 'design_1_ps7_0_axi_periph_0'

1. Summary
----------

SUCCESS in the upgrade of design_1_ps7_0_axi_periph_0 (xilinx.com:ip:axi_interconnect:2.1) from (Rev. 18) to (Rev. 23)






Copyright 1986-2020 Xilinx, Inc. All Rights Reserved.
------------------------------------------------------------------------------------
| Tool Version : Vivado v.2020.2 (win64) Build 3064766 Wed Nov 18 09:12:45 MST 2020
| Date         : Tue Nov 15 14:22:21 2022
| Host         : DESKTOP-KI9MUJ9 running 64-bit major release  (build 9200)
| Command      : upgrade_ip
| Device       : xc7z010clg400-1
------------------------------------------------------------------------------------

Upgrade Log for IP 'design_1_processing_system7_0_0'

1. Summary
----------

SUCCESS in the conversion of design_1_processing_system7_0_0 (xilinx.com:ip:processing_system7:5.5 (Rev. 6)) to Vivado generation flows.

2. Upgrade messages
-------------------

WARNING: upgrade cannot add parameter PCW_TRACE_INTERNAL_WIDTH with default value 32 : a parameter called PCW_TRACE_INTERNAL_WIDTH already exists in processing_system7_v5_5
WARNING: upgrade cannot add parameter PCW_USE_AXI_NONSECURE with default value 0 : a parameter called PCW_USE_AXI_NONSECURE already exists in processing_system7_v5_5
WARNING: upgrade cannot add parameter PCW_EN_PTP_ENET0 with default value 1 : a parameter called PCW_EN_PTP_ENET0 already exists in processing_system7_v5_5
WARNING: upgrade cannot add parameter PCW_EN_PTP_ENET0 with default value 1 : a parameter called PCW_EN_PTP_ENET0 already exists in processing_system7_v5_5
WARNING: upgrade cannot add parameter PCW_GP0_NUM_WRITE_THREADS with default value 4 : a parameter called PCW_GP0_NUM_WRITE_THREADS already exists in processing_system7_v5_5
WARNING: upgrade cannot add parameter PCW_GP0_NUM_READ_THREADS with default value 4 : a parameter called PCW_GP0_NUM_READ_THREADS already exists in processing_system7_v5_5
WARNING: upgrade cannot add parameter PCW_GP1_NUM_WRITE_THREADS with default value 4 : a parameter called PCW_GP1_NUM_WRITE_THREADS already exists in processing_system7_v5_5
WARNING: upgrade cannot add parameter PCW_GP1_NUM_READ_THREADS with default value 4 : a parameter called PCW_GP1_NUM_READ_THREADS already exists in processing_system7_v5_5
WARNING: upgrade cannot add parameter PCW_GP0_EN_MODIFIABLE_TXN with default value 0 : a parameter called PCW_GP0_EN_MODIFIABLE_TXN already exists in processing_system7_v5_5
WARNING: upgrade cannot add parameter PCW_GP1_EN_MODIFIABLE_TXN with default value 0 : a parameter called PCW_GP1_EN_MODIFIABLE_TXN already exists in processing_system7_v5_5






Copyright 1986-2020 Xilinx, Inc. All Rights Reserved.
------------------------------------------------------------------------------------
| Tool Version : Vivado v.2020.2 (win64) Build 3064766 Wed Nov 18 09:12:45 MST 2020
| Date         : Tue Nov 15 14:22:21 2022
| Host         : DESKTOP-KI9MUJ9 running 64-bit major release  (build 9200)
| Command      : upgrade_ip
| Device       : xc7z010clg400-1
------------------------------------------------------------------------------------

Upgrade Log for IP 'design_1_clk_wiz_0_0'

1. Summary
----------

SUCCESS in the upgrade of design_1_clk_wiz_0_0 (xilinx.com:ip:clk_wiz:6.0) from (Rev. 1) to (Rev. 6)






Copyright 1986-2020 Xilinx, Inc. All Rights Reserved.
------------------------------------------------------------------------------------
| Tool Version : Vivado v.2020.2 (win64) Build 3064766 Wed Nov 18 09:12:45 MST 2020
| Date         : Tue Nov 15 14:22:21 2022
| Host         : DESKTOP-KI9MUJ9 running 64-bit major release  (build 9200)
| Command      : upgrade_ip
| Device       : xc7z010clg400-1
------------------------------------------------------------------------------------

Upgrade Log for IP 'design_1_blk_mem_gen_0_0'

1. Summary
----------

SUCCESS in the upgrade of design_1_blk_mem_gen_0_0 (xilinx.com:ip:blk_mem_gen:8.4) from (Rev. 1) to (Rev. 4)






Copyright 1986-2020 Xilinx, Inc. All Rights Reserved.
------------------------------------------------------------------------------------
| Tool Version : Vivado v.2020.2 (win64) Build 3064766 Wed Nov 18 09:12:45 MST 2020
| Date         : Tue Nov 15 14:22:21 2022
| Host         : DESKTOP-KI9MUJ9 running 64-bit major release  (build 9200)
| Command      : upgrade_ip
| Device       : xc7z010clg400-1
------------------------------------------------------------------------------------

Upgrade Log for IP 'design_1_axi_gpio_0_0'

1. Summary
----------

SUCCESS in the upgrade of design_1_axi_gpio_0_0 (xilinx.com:ip:axi_gpio:2.0) from (Rev. 19) to (Rev. 24)

